<?xml version="1.0" encoding="UTF-8"?>
<!-- Generated by org.testng.reporters.JUnitReportReporter -->
<testsuite hostname="DESKTOP-E8HNQKP" failures="0" tests="2" name="com.saucedemo.TestClass.TC02_VerifyLogoutFunctionality" time="10.244" errors="0" timestamp="2022-10-09T21:47:07 IST" skipped="0">
  <testcase classname="com.saucedemo.TestClass.TC02_VerifyLogoutFunctionality" name="logOutTest" time="5.336"/>
  <system-out/>
  <testcase classname="com.saucedemo.TestClass.TC02_VerifyLogoutFunctionality" name="Logoutfunctionality" time="4.908"/>
  <system-out/>
</testsuite> <!-- com.saucedemo.TestClass.TC02_VerifyLogoutFunctionality -->
