<?xml version="1.0" encoding="UTF-8"?>
<!-- Generated by org.testng.reporters.JUnitReportReporter -->
<testsuite hostname="DESKTOP-E8HNQKP" failures="0" tests="1" name="com.saucedemo.TestClass.TCO5_Verifyfilterapply" time="6.817" errors="0" timestamp="2022-10-09T21:47:07 IST" skipped="0">
  <testcase classname="com.saucedemo.TestClass.TCO5_Verifyfilterapply" name="VerifyapplyFilter" time="6.817"/>
  <system-out/>
</testsuite> <!-- com.saucedemo.TestClass.TCO5_Verifyfilterapply -->
